c:\users\user\documents\visual studio 2015\projects\week5\week5_homework\obj\debug\ofxlabel.obj
c:\users\user\documents\visual studio 2015\projects\week5\week5_homework\obj\debug\planet.obj
c:\users\user\documents\visual studio 2015\projects\week5\week5_homework\obj\debug\ofxslidergroup.obj
c:\users\user\documents\visual studio 2015\projects\week5\week5_homework\obj\debug\ofxbutton.obj
c:\users\user\documents\visual studio 2015\projects\week5\week5_homework\obj\debug\ofapp.obj
c:\users\user\documents\visual studio 2015\projects\week5\week5_homework\obj\debug\ofxbasegui.obj
c:\users\user\documents\visual studio 2015\projects\week5\week5_homework\obj\debug\ofxpanel.obj
c:\users\user\documents\visual studio 2015\projects\week5\week5_homework\obj\debug\main.obj
c:\users\user\documents\visual studio 2015\projects\week5\week5_homework\obj\debug\ofxtoggle.obj
c:\users\user\documents\visual studio 2015\projects\week5\week5_homework\obj\debug\ofxslider.obj
c:\users\user\documents\visual studio 2015\projects\week5\week5_homework\obj\debug\ofxguigroup.obj
c:\users\user\documents\visual studio 2015\projects\week5\week5_homework\obj\debug\vc140.pdb
c:\users\user\documents\visual studio 2015\projects\week5\week5_homework\bin\week5_homework_debug.ilk
c:\users\user\documents\visual studio 2015\projects\week5\week5_homework\bin\week5_homework_debug.exe
c:\users\user\documents\visual studio 2015\projects\week5\week5_homework\bin\week5_homework_debug.pdb
c:\users\user\documents\visual studio 2015\projects\week5\week5_homework\obj\debug\icon.res
c:\users\user\documents\visual studio 2015\projects\week5\week5_homework\bin\week5_homework_debug.lib
c:\users\user\documents\visual studio 2015\projects\week5\week5_homework\bin\week5_homework_debug.exp
c:\users\user\documents\visual studio 2015\projects\week5\week5_homework\obj\debug\week5_homework.vcxprojresolveassemblyreference.cache
c:\users\user\documents\visual studio 2015\projects\week5\week5_homework\obj\debug\week5_homework.tlog\cl.command.1.tlog
c:\users\user\documents\visual studio 2015\projects\week5\week5_homework\obj\debug\week5_homework.tlog\cl.read.1.tlog
c:\users\user\documents\visual studio 2015\projects\week5\week5_homework\obj\debug\week5_homework.tlog\cl.write.1.tlog
c:\users\user\documents\visual studio 2015\projects\week5\week5_homework\obj\debug\week5_homework.tlog\link.command.1.tlog
c:\users\user\documents\visual studio 2015\projects\week5\week5_homework\obj\debug\week5_homework.tlog\link.read.1.tlog
c:\users\user\documents\visual studio 2015\projects\week5\week5_homework\obj\debug\week5_homework.tlog\link.write.1.tlog
c:\users\user\documents\visual studio 2015\projects\week5\week5_homework\obj\debug\week5_homework.tlog\rc.command.1.tlog
c:\users\user\documents\visual studio 2015\projects\week5\week5_homework\obj\debug\week5_homework.tlog\rc.read.1.tlog
c:\users\user\documents\visual studio 2015\projects\week5\week5_homework\obj\debug\week5_homework.tlog\rc.write.1.tlog
c:\users\user\documents\visual studio 2015\projects\week5\week5_homework\obj\debug\week5_homework.tlog\week5_homework.write.1u.tlog
