c:\users\user\documents\visual studio 2015\projects\final_project\obj\debug\ofxbox2djoint.obj
c:\users\user\documents\visual studio 2015\projects\final_project\obj\debug\ofxbox2drect.obj
c:\users\user\documents\visual studio 2015\projects\final_project\obj\debug\ofxbox2dcircle.obj
c:\users\user\documents\visual studio 2015\projects\final_project\obj\debug\ofxbox2dpolygon.obj
c:\users\user\documents\visual studio 2015\projects\final_project\obj\debug\ofapp.obj
c:\users\user\documents\visual studio 2015\projects\final_project\obj\debug\b2distance.obj
c:\users\user\documents\visual studio 2015\projects\final_project\obj\debug\b2edgeshape.obj
c:\users\user\documents\visual studio 2015\projects\final_project\obj\debug\b2contactmanager.obj
c:\users\user\documents\visual studio 2015\projects\final_project\obj\debug\b2chainandpolygoncontact.obj
c:\users\user\documents\visual studio 2015\projects\final_project\obj\debug\b2polygonandcirclecontact.obj
c:\users\user\documents\visual studio 2015\projects\final_project\obj\debug\b2motorjoint.obj
c:\users\user\documents\visual studio 2015\projects\final_project\obj\debug\b2weldjoint.obj
c:\users\user\documents\visual studio 2015\projects\final_project\obj\debug\particlesystem.obj
c:\users\user\documents\visual studio 2015\projects\final_project\obj\debug\ofxbox2dedge.obj
c:\users\user\documents\visual studio 2015\projects\final_project\obj\debug\b2collidecircle.obj
c:\users\user\documents\visual studio 2015\projects\final_project\obj\debug\b2chainshape.obj
c:\users\user\documents\visual studio 2015\projects\final_project\obj\debug\b2blockallocator.obj
c:\users\user\documents\visual studio 2015\projects\final_project\obj\debug\b2stackallocator.obj
c:\users\user\documents\visual studio 2015\projects\final_project\obj\debug\b2world.obj
c:\users\user\documents\visual studio 2015\projects\final_project\obj\debug\b2contactsolver.obj
c:\users\user\documents\visual studio 2015\projects\final_project\obj\debug\b2frictionjoint.obj
c:\users\user\documents\visual studio 2015\projects\final_project\obj\debug\b2pulleyjoint.obj
c:\users\user\documents\visual studio 2015\projects\final_project\obj\debug\b2rope.obj
c:\users\user\documents\visual studio 2015\projects\final_project\obj\debug\main.obj
c:\users\user\documents\visual studio 2015\projects\final_project\obj\debug\b2collidepolygon.obj
c:\users\user\documents\visual studio 2015\projects\final_project\obj\debug\b2dynamictree.obj
c:\users\user\documents\visual studio 2015\projects\final_project\obj\debug\b2polygonshape.obj
c:\users\user\documents\visual studio 2015\projects\final_project\obj\debug\b2fixture.obj
c:\users\user\documents\visual studio 2015\projects\final_project\obj\debug\b2circlecontact.obj
c:\users\user\documents\visual studio 2015\projects\final_project\obj\debug\b2polygoncontact.obj
c:\users\user\documents\visual studio 2015\projects\final_project\obj\debug\b2mousejoint.obj
c:\users\user\documents\visual studio 2015\projects\final_project\obj\debug\b2ropejoint.obj
c:\users\user\documents\visual studio 2015\projects\final_project\obj\debug\ofxbox2dconvexpoly.obj
c:\users\user\documents\visual studio 2015\projects\final_project\obj\debug\b2collideedge.obj
c:\users\user\documents\visual studio 2015\projects\final_project\obj\debug\b2circleshape.obj
c:\users\user\documents\visual studio 2015\projects\final_project\obj\debug\b2settings.obj
c:\users\user\documents\visual studio 2015\projects\final_project\obj\debug\b2island.obj
c:\users\user\documents\visual studio 2015\projects\final_project\obj\debug\b2contact.obj
c:\users\user\documents\visual studio 2015\projects\final_project\obj\debug\b2distancejoint.obj
c:\users\user\documents\visual studio 2015\projects\final_project\obj\debug\b2prismaticjoint.obj
c:\users\user\documents\visual studio 2015\projects\final_project\obj\debug\del_impl.obj
c:\users\user\documents\visual studio 2015\projects\final_project\obj\debug\ofxbox2dbaseshape.obj
c:\users\user\documents\visual studio 2015\projects\final_project\obj\debug\b2broadphase.obj
c:\users\user\documents\visual studio 2015\projects\final_project\obj\debug\b2draw.obj
c:\users\user\documents\visual studio 2015\projects\final_project\obj\debug\b2timer.obj
c:\users\user\documents\visual studio 2015\projects\final_project\obj\debug\b2worldcallbacks.obj
c:\users\user\documents\visual studio 2015\projects\final_project\obj\debug\b2edgeandcirclecontact.obj
c:\users\user\documents\visual studio 2015\projects\final_project\obj\debug\b2gearjoint.obj
c:\users\user\documents\visual studio 2015\projects\final_project\obj\debug\b2revolutejoint.obj
c:\users\user\documents\visual studio 2015\projects\final_project\obj\debug\particle.obj
c:\users\user\documents\visual studio 2015\projects\final_project\obj\debug\ofxbox2d.obj
c:\users\user\documents\visual studio 2015\projects\final_project\obj\debug\b2collision.obj
c:\users\user\documents\visual studio 2015\projects\final_project\obj\debug\b2timeofimpact.obj
c:\users\user\documents\visual studio 2015\projects\final_project\obj\debug\b2math.obj
c:\users\user\documents\visual studio 2015\projects\final_project\obj\debug\b2body.obj
c:\users\user\documents\visual studio 2015\projects\final_project\obj\debug\b2chainandcirclecontact.obj
c:\users\user\documents\visual studio 2015\projects\final_project\obj\debug\b2edgeandpolygoncontact.obj
c:\users\user\documents\visual studio 2015\projects\final_project\obj\debug\b2joint.obj
c:\users\user\documents\visual studio 2015\projects\final_project\obj\debug\b2wheeljoint.obj
c:\users\user\documents\visual studio 2015\projects\final_project\obj\debug\vc140.pdb
c:\users\user\documents\visual studio 2015\projects\final_project\bin\final_project_debug.lib
c:\users\user\documents\visual studio 2015\projects\final_project\bin\final_project_debug.exp
c:\users\user\documents\visual studio 2015\projects\final_project\obj\debug\icon.res
c:\users\user\documents\visual studio 2015\projects\final_project\bin\final_project_debug.exe
c:\users\user\documents\visual studio 2015\projects\final_project\obj\debug\final_project.tlog\cl.command.1.tlog
c:\users\user\documents\visual studio 2015\projects\final_project\obj\debug\final_project.tlog\cl.read.1.tlog
c:\users\user\documents\visual studio 2015\projects\final_project\obj\debug\final_project.tlog\cl.write.1.tlog
c:\users\user\documents\visual studio 2015\projects\final_project\obj\debug\final_project.tlog\final_project.write.1u.tlog
c:\users\user\documents\visual studio 2015\projects\final_project\obj\debug\final_project.tlog\link.command.1.tlog
c:\users\user\documents\visual studio 2015\projects\final_project\obj\debug\final_project.tlog\link.read.1.tlog
c:\users\user\documents\visual studio 2015\projects\final_project\obj\debug\final_project.tlog\link.write.1.tlog
c:\users\user\documents\visual studio 2015\projects\final_project\obj\debug\final_project.tlog\rc.command.1.tlog
c:\users\user\documents\visual studio 2015\projects\final_project\obj\debug\final_project.tlog\rc.read.1.tlog
c:\users\user\documents\visual studio 2015\projects\final_project\obj\debug\final_project.tlog\rc.write.1.tlog
